Determining if the pthread_create exist failed with the following output:
Change Dir: /content/drive/My Drive/Colab Notebooks/darknet/build-release/CMakeFiles/CMakeTmp

Run Build Command:"/usr/bin/make" "cmTC_c17e5/fast"
/usr/bin/make -f CMakeFiles/cmTC_c17e5.dir/build.make CMakeFiles/cmTC_c17e5.dir/build
make[1]: Entering directory '/content/drive/My Drive/Colab Notebooks/darknet/build-release/CMakeFiles/CMakeTmp'
Building C object CMakeFiles/cmTC_c17e5.dir/CheckSymbolExists.c.o
/usr/bin/cc   -fPIC    -o CMakeFiles/cmTC_c17e5.dir/CheckSymbolExists.c.o   -c "/content/drive/My Drive/Colab Notebooks/darknet/build-release/CMakeFiles/CMakeTmp/CheckSymbolExists.c"
Linking C executable cmTC_c17e5
/usr/local/lib/python2.7/dist-packages/cmake/data/bin/cmake -E cmake_link_script CMakeFiles/cmTC_c17e5.dir/link.txt --verbose=1
/usr/bin/cc -fPIC     CMakeFiles/cmTC_c17e5.dir/CheckSymbolExists.c.o  -o cmTC_c17e5 
CMakeFiles/cmTC_c17e5.dir/CheckSymbolExists.c.o: In function `main':
CheckSymbolExists.c:(.text+0x1b): undefined reference to `pthread_create'
collect2: error: ld returned 1 exit status
CMakeFiles/cmTC_c17e5.dir/build.make:86: recipe for target 'cmTC_c17e5' failed
make[1]: *** [cmTC_c17e5] Error 1
make[1]: Leaving directory '/content/drive/My Drive/Colab Notebooks/darknet/build-release/CMakeFiles/CMakeTmp'
Makefile:121: recipe for target 'cmTC_c17e5/fast' failed
make: *** [cmTC_c17e5/fast] Error 2

File /content/drive/My Drive/Colab Notebooks/darknet/build-release/CMakeFiles/CMakeTmp/CheckSymbolExists.c:
/* */
#include <pthread.h>

int main(int argc, char** argv)
{
  (void)argv;
#ifndef pthread_create
  return ((int*)(&pthread_create))[argc];
#else
  (void)argc;
  return 0;
#endif
}

Determining if the function pthread_create exists in the pthreads failed with the following output:
Change Dir: /content/drive/My Drive/Colab Notebooks/darknet/build-release/CMakeFiles/CMakeTmp

Run Build Command:"/usr/bin/make" "cmTC_f710d/fast"
/usr/bin/make -f CMakeFiles/cmTC_f710d.dir/build.make CMakeFiles/cmTC_f710d.dir/build
make[1]: Entering directory '/content/drive/My Drive/Colab Notebooks/darknet/build-release/CMakeFiles/CMakeTmp'
Building C object CMakeFiles/cmTC_f710d.dir/CheckFunctionExists.c.o
/usr/bin/cc   -fPIC -DCHECK_FUNCTION_EXISTS=pthread_create   -o CMakeFiles/cmTC_f710d.dir/CheckFunctionExists.c.o   -c /usr/local/lib/python2.7/dist-packages/cmake/data/share/cmake-3.12/Modules/CheckFunctionExists.c
Linking C executable cmTC_f710d
/usr/local/lib/python2.7/dist-packages/cmake/data/bin/cmake -E cmake_link_script CMakeFiles/cmTC_f710d.dir/link.txt --verbose=1
/usr/bin/cc -fPIC -DCHECK_FUNCTION_EXISTS=pthread_create    CMakeFiles/cmTC_f710d.dir/CheckFunctionExists.c.o  -o cmTC_f710d -lpthreads 
/usr/bin/ld: cannot find -lpthreads
collect2: error: ld returned 1 exit status
CMakeFiles/cmTC_f710d.dir/build.make:86: recipe for target 'cmTC_f710d' failed
make[1]: *** [cmTC_f710d] Error 1
make[1]: Leaving directory '/content/drive/My Drive/Colab Notebooks/darknet/build-release/CMakeFiles/CMakeTmp'
Makefile:121: recipe for target 'cmTC_f710d/fast' failed
make: *** [cmTC_f710d/fast] Error 2


